<?xml version="1.0" encoding="UTF-8"?>
<!-- Generated by org.testng.reporters.JUnitReportReporter -->
<testsuite name="com.nareshcompany.testscripts.FacebookTest" tests="1" time="45.225" ignored="0" failures="0" timestamp="31 Jul 2017 04:27:30 GMT" skipped="0" hostname="MTO00490GU162A8" errors="0">
  <testcase name="facebookTest" time="45.225" classname="com.nareshcompany.testscripts.FacebookTest"/>
</testsuite> <!-- com.nareshcompany.testscripts.FacebookTest -->
