<?xml version="1.0" encoding="UTF-8"?>
<!-- Generated by org.testng.reporters.JUnitReportReporter -->
<testsuite skipped="0" hostname="Madhusudhan" name="in.redbus.testscripts.RedBusSearchTest_001" tests="1" failures="0" timestamp="18 Jul 2017 01:18:53 GMT" time="55.896" errors="0">
  <testcase name="redBusSearchTest_001" time="55.896" classname="in.redbus.testscripts.RedBusSearchTest_001"/>
</testsuite> <!-- in.redbus.testscripts.RedBusSearchTest_001 -->
