<?xml version="1.0" encoding="UTF-8"?>
<!-- Generated by org.testng.reporters.JUnitReportReporter -->
<testsuite hostname="MTO00490GU162A8" name="com.nareshcompany.testscripts.FacebookTest" tests="1" failures="0" timestamp="30 Jul 2017 22:43:07 GMT" time="23.920" errors="0">
  <testcase name="facebookTest" time="23.920" classname="com.nareshcompany.testscripts.FacebookTest"/>
</testsuite> <!-- com.nareshcompany.testscripts.FacebookTest -->
